<?xml version="1.0" encoding="UTF-8"?>
<!-- Generated by org.testng.reporters.JUnitReportReporter -->
<testsuite hostname="Apples-MacBook-Pro-2.local" failures="0" tests="2" name="sus.test.errorvalidationTest" time="42.994" errors="0" timestamp="05 Dec 2023 07:12:01 GMT" skipped="0">
  <testcase classname="sus.test.errorvalidationTest" name="loginerrorvalidation" time="18.770"/>
  <testcase classname="sus.test.errorvalidationTest" name="producterrorvalidation" time="24.224"/>
</testsuite> <!-- sus.test.errorvalidationTest -->
